2026-01-10 16:26:51,161 - INFO - === ACTIFIX Universal Setup ===
2026-01-10 16:26:51,161 - INFO - === Running Self-Tests ===
2026-01-10 16:26:51,161 - INFO - Prerequisites test ✓
2026-01-10 16:26:51,176 - INFO - Python imports test ✓
2026-01-10 16:26:51,177 - INFO - Workspace structure test ✓
2026-01-10 16:26:51,177 - DEBUG - Running command: /Library/Frameworks/Python.framework/Versions/3.14/bin/python3 -m actifix.main --help
2026-01-10 16:26:51,215 - DEBUG - Command error: /Library/Frameworks/Python.framework/Versions/3.14/bin/python3: No module named actifix.main

2026-01-10 16:26:51,215 - ERROR - Test failed: Command test failed
2026-01-10 16:26:51,215 - INFO - Self-tests completed: 3 passed, 1 failed
2026-01-10 17:51:17,817 - INFO - === CLEANUP AND ROLLBACK ===
2026-01-10 17:51:17,818 - INFO - Removed virtual environment: /var/folders/27/ggng5p_n6xx5ptf65skddqgw0000gn/T/tmpp7bbyf4o/test_venv
2026-01-10 17:51:17,818 - INFO - Cleanup completed
2026-01-10 17:51:18,695 - INFO - === ACTIFIX Universal Setup ===
2026-01-10 17:51:18,695 - ERROR - Setup interrupted by user
2026-01-10 17:51:38,706 - INFO - === CLEANUP AND ROLLBACK ===
2026-01-10 17:51:38,706 - INFO - Removed virtual environment: /var/folders/27/ggng5p_n6xx5ptf65skddqgw0000gn/T/tmp450_e8i9/test_venv
2026-01-10 17:51:38,707 - INFO - Cleanup completed
2026-01-10 17:51:39,626 - INFO - === ACTIFIX Universal Setup ===
2026-01-10 17:51:39,627 - ERROR - Setup interrupted by user
2026-01-10 18:08:52,908 - INFO - === CLEANUP AND ROLLBACK ===
2026-01-10 18:08:52,909 - INFO - Removed virtual environment: /var/folders/27/ggng5p_n6xx5ptf65skddqgw0000gn/T/tmpvhykq998/test_venv
2026-01-10 18:08:52,909 - INFO - Cleanup completed
2026-01-10 18:08:53,575 - INFO - === ACTIFIX Universal Setup ===
2026-01-10 18:08:53,575 - ERROR - Setup interrupted by user
2026-01-10 18:12:55,218 - INFO - === CLEANUP AND ROLLBACK ===
2026-01-10 18:12:55,218 - INFO - Removed virtual environment: /var/folders/27/ggng5p_n6xx5ptf65skddqgw0000gn/T/tmp6_wqfdeq/test_venv
2026-01-10 18:12:55,219 - INFO - Cleanup completed
2026-01-10 18:12:55,697 - INFO - === ACTIFIX Universal Setup ===
2026-01-10 18:12:55,698 - ERROR - Setup interrupted by user
2026-01-10 18:13:19,224 - INFO - === CLEANUP AND ROLLBACK ===
2026-01-10 18:13:19,224 - INFO - Removed virtual environment: /var/folders/27/ggng5p_n6xx5ptf65skddqgw0000gn/T/tmpj9jy71x2/test_venv
2026-01-10 18:13:19,224 - INFO - Cleanup completed
2026-01-10 18:13:19,919 - INFO - === ACTIFIX Universal Setup ===
2026-01-10 18:13:19,920 - ERROR - Setup interrupted by user
2026-01-10 18:13:47,961 - INFO - === CLEANUP AND ROLLBACK ===
2026-01-10 18:13:47,961 - INFO - Removed virtual environment: /var/folders/27/ggng5p_n6xx5ptf65skddqgw0000gn/T/tmp4nznkx0b/test_venv
2026-01-10 18:13:47,961 - INFO - Cleanup completed
2026-01-10 18:13:48,452 - INFO - === ACTIFIX Universal Setup ===
2026-01-10 18:13:48,452 - ERROR - Setup interrupted by user
